[2022-01-02 16:43:18]  ----- BEGIN -----
[2022-01-02 16:43:18]  Old version 
[2022-01-02 16:45:50]  ----- BEGIN -----
[2022-01-02 16:45:50]  Old version 1.9.7
[2022-01-02 16:45:50]  Store plugin version 1.9.7
[2022-01-02 16:45:50]  ----- END -----

[2022-01-02 16:45:59]  ----- BEGIN -----
[2022-01-02 16:45:59]  Old version 1.9.7
[2022-01-02 16:45:59]  Store plugin version 1.9.7
[2022-01-02 16:45:59]  ----- END -----

[2022-01-02 18:24:35]  ----- BEGIN -----
[2022-01-02 18:24:35]  Old version 1.9.7
[2022-01-02 18:24:35]  Store plugin version 1.9.7
[2022-01-02 18:24:35]  ----- END -----

[2022-01-02 18:39:33]  ----- BEGIN -----
[2022-01-02 18:39:33]  Old version 1.9.7
[2022-01-02 18:39:33]  Store plugin version 1.9.7
[2022-01-02 18:39:33]  ----- END -----

[2022-01-02 18:43:23]  ----- BEGIN -----
[2022-01-02 18:43:23]  Old version 1.9.7
[2022-01-02 18:43:23]  Store plugin version 1.9.7
[2022-01-02 18:43:23]  ----- END -----

[2022-01-02 18:43:56]  ----- BEGIN -----
[2022-01-02 18:43:56]  Old version 1.9.7
[2022-01-02 18:43:56]  Store plugin version 1.9.7
[2022-01-02 18:43:56]  ----- END -----

[2022-01-05 03:48:22]  ----- BEGIN -----
[2022-01-05 03:48:22]  Old version 1.9.7
[2022-01-05 03:48:22]  Store plugin version 1.9.7
[2022-01-05 03:48:22]  ----- END -----

[2022-01-05 04:23:40]  ----- BEGIN -----
[2022-01-05 04:23:40]  Old version 1.9.7
[2022-01-05 04:23:40]  Store plugin version 1.9.7
[2022-01-05 04:23:40]  ----- END -----

[2022-01-05 05:32:53]  ----- BEGIN -----
[2022-01-05 05:32:53]  Old version 1.9.7
[2022-01-05 05:32:53]  Store plugin version 1.9.7
[2022-01-05 05:32:53]  ----- END -----

[2022-01-05 05:34:50]  ----- BEGIN -----
[2022-01-05 05:34:50]  Old version 1.9.7
[2022-01-05 05:34:50]  Store plugin version 1.9.7
[2022-01-05 05:34:50]  ----- END -----

[2022-01-05 05:36:37]  ----- BEGIN -----
[2022-01-05 05:36:37]  Old version 1.9.7
[2022-01-05 05:36:37]  Store plugin version 1.9.7
[2022-01-05 05:36:37]  ----- END -----

[2022-01-05 05:55:52]  ----- BEGIN -----
[2022-01-05 05:55:52]  Old version 1.9.7
[2022-01-05 05:55:52]  Store plugin version 1.9.7
[2022-01-05 05:55:52]  ----- END -----

[2022-01-05 08:19:35]  ----- BEGIN -----
[2022-01-05 08:19:35]  Old version 1.9.7
[2022-01-05 08:19:35]  Store plugin version 1.9.7
[2022-01-05 08:19:35]  ----- END -----

[2022-01-05 08:41:08]  ----- BEGIN -----
[2022-01-05 08:41:08]  Old version 1.9.7
[2022-01-05 08:41:08]  Store plugin version 1.9.7
[2022-01-05 08:41:08]  ----- END -----

[2022-01-05 08:54:31]  ----- BEGIN -----
[2022-01-05 08:54:31]  Old version 1.9.7
[2022-01-05 08:54:31]  Store plugin version 1.9.7
[2022-01-05 08:54:31]  ----- END -----

[2022-01-05 09:35:52]  ----- BEGIN -----
[2022-01-05 09:35:52]  Old version 1.9.7
[2022-01-05 09:35:52]  Store plugin version 1.9.7
[2022-01-05 09:35:52]  ----- END -----

[2022-01-05 09:39:17]  ----- BEGIN -----
[2022-01-05 09:39:17]  Old version 1.9.7
[2022-01-05 09:39:17]  Store plugin version 1.9.7
[2022-01-05 09:39:17]  ----- END -----

[2022-01-05 09:49:27]  ----- BEGIN -----
[2022-01-05 09:49:27]  Old version 1.9.7
[2022-01-05 09:49:27]  Store plugin version 1.9.7
[2022-01-05 09:49:27]  ----- END -----

[2022-01-05 10:00:33]  ----- BEGIN -----
[2022-01-05 10:00:33]  Old version 1.9.7
[2022-01-05 10:00:33]  Store plugin version 1.9.7
[2022-01-05 10:00:33]  ----- END -----

[2022-01-05 11:18:15]  ----- BEGIN -----
[2022-01-05 11:18:15]  Old version 1.9.7
[2022-01-05 11:18:15]  Store plugin version 1.9.7
[2022-01-05 11:18:15]  ----- END -----

[2022-01-05 11:19:32]  ----- BEGIN -----
[2022-01-05 11:19:32]  Old version 1.9.7
[2022-01-05 11:19:32]  Store plugin version 1.9.7
[2022-01-05 11:19:32]  ----- END -----

[2022-01-05 11:19:44]  ----- BEGIN -----
[2022-01-05 11:19:44]  Old version 1.9.7
[2022-01-05 11:19:44]  Store plugin version 1.9.7
[2022-01-05 11:19:44]  ----- END -----

[2022-01-05 11:30:57]  ----- BEGIN -----
[2022-01-05 11:30:57]  Old version 1.9.7
[2022-01-05 11:30:57]  Store plugin version 1.9.7
[2022-01-05 11:30:57]  ----- END -----

[2022-01-05 14:52:06]  ----- BEGIN -----
[2022-01-05 14:52:06]  Old version 1.9.7
[2022-01-05 14:52:06]  Store plugin version 1.9.7
[2022-01-05 14:52:06]  ----- END -----

[2022-01-05 14:52:12]  ----- BEGIN -----
[2022-01-05 14:52:12]  Old version 1.9.7
[2022-01-05 14:52:12]  Store plugin version 1.9.7
[2022-01-05 14:52:12]  ----- END -----

[2022-01-07 08:10:06]  ----- BEGIN -----
[2022-01-07 08:10:06]  Old version 1.9.7
[2022-01-07 08:10:07]  Store plugin version 1.9.7
[2022-01-07 08:10:07]  ----- END -----

[2022-01-07 13:36:46]  ----- BEGIN -----
[2022-01-07 13:36:46]  Old version 1.9.7
[2022-01-07 13:36:46]  Store plugin version 1.9.7
[2022-01-07 13:36:46]  ----- END -----

[2022-01-07 13:38:41]  ----- BEGIN -----
[2022-01-07 13:38:41]  Old version 1.9.7
[2022-01-07 13:38:42]  Store plugin version 1.9.7
[2022-01-07 13:38:42]  ----- END -----

[2022-01-11 13:22:07]  ----- BEGIN -----
[2022-01-11 13:22:07]  Old version 1.9.7
[2022-01-11 13:22:07]  Store plugin version 1.9.7
[2022-01-11 13:22:07]  ----- END -----

[2022-01-12 17:00:34]  ----- BEGIN -----
[2022-01-12 17:00:34]  Old version 1.9.7
[2022-01-12 17:00:34]  Store plugin version 1.9.7
[2022-01-12 17:00:34]  ----- END -----

[2022-01-13 16:02:36]  ----- BEGIN -----
[2022-01-13 16:02:36]  Old version 1.9.7
[2022-01-13 16:02:36]  Store plugin version 1.9.7
[2022-01-13 16:02:36]  ----- END -----

[2022-01-13 16:02:42]  ----- BEGIN -----
[2022-01-13 16:02:42]  Old version 1.9.7
[2022-01-13 16:02:42]  Store plugin version 1.9.7
[2022-01-13 16:02:42]  ----- END -----

[2022-01-13 16:03:53]  ----- BEGIN -----
[2022-01-13 16:03:53]  Old version 1.9.7
[2022-01-13 16:03:53]  Store plugin version 1.9.7
[2022-01-13 16:03:53]  ----- END -----

[2022-01-13 16:08:07]  ----- BEGIN -----
[2022-01-13 16:08:07]  Old version 1.9.7
[2022-01-13 16:08:07]  Store plugin version 1.9.7
[2022-01-13 16:08:07]  ----- END -----

[2022-01-13 16:41:11]  ----- BEGIN -----
[2022-01-13 16:41:11]  Old version 1.9.7
[2022-01-13 16:41:11]  Store plugin version 1.9.7
[2022-01-13 16:41:11]  ----- END -----

[2022-01-14 07:18:41]  ----- BEGIN -----
[2022-01-14 07:18:41]  Old version 1.9.7
[2022-01-14 07:18:41]  Store plugin version 1.9.7
[2022-01-14 07:18:41]  ----- END -----

